Results of gitleaks linter (version 8.16.0)
See documentation on https://megalinter.io/0d699a348a2c104040efd78f2d2970e6ae8e5769/descriptors/repository_gitleaks/
-----------------------------------------------

❌ [ERROR] for workspace /tmp/lint
Linter raw log:

    ○
    │╲
    │ ○
    ○ ░
    ░    gitleaks

Finding:     password=[1;3;m1638cb39d73ec1d61c700ff9b8f74887[0m
Secret:      [1;3;m1638cb39d73ec1d61c700ff9b8f74887[0m
RuleID:      generic-api-key
Entropy:     3.593139
File:        provision.ini
Line:        23
Commit:      f2a4bab25ac7f4a752758102d7181dd0c897d275
Author:      Eko
Email:       hsun@redhat.com
Date:        2019-02-28T09:05:46Z
Fingerprint: f2a4bab25ac7f4a752758102d7181dd0c897d275:provision.ini:generic-api-key:23

Finding:     password=[1;3;mVHVFhPS5TEG8dud9[0m
employee_sku=8a85f9...
Secret:      [1;3;mVHVFhPS5TEG8dud9[0m
RuleID:      generic-api-key
Entropy:     3.750000
File:        provision.ini
Line:        62
Commit:      f2a4bab25ac7f4a752758102d7181dd0c897d275
Author:      Eko
Email:       hsun@redhat.com
Date:        2019-02-28T09:05:46Z
Fingerprint: f2a4bab25ac7f4a752758102d7181dd0c897d275:provision.ini:generic-api-key:62

[90m8:21AM[0m [32mINF[0m 364 commits scanned.
[90m8:21AM[0m [32mINF[0m scan completed in 3.17s
[90m8:21AM[0m [31mWRN[0m leaks found: 2

