Results of git_diff linter (version 2.38.4)
See documentation on https://megalinter.io/0d699a348a2c104040efd78f2d2970e6ae8e5769/descriptors/repository_git_diff/
-----------------------------------------------

❌ [ERROR] for workspace /tmp/lint
Linter raw log:
warning: in the working copy of 'README.md', LF will be replaced by CRLF the next time Git touches it
warning: in the working copy of 'docker/mk_container.sh', LF will be replaced by CRLF the next time Git touches it
warning: in the working copy of 'docker/mk_image.sh', LF will be replaced by CRLF the next time Git touches it
warning: in the working copy of 'docker/rm_containers.sh', LF will be replaced by CRLF the next time Git touches it
warning: in the working copy of 'scripts/polarion_caseid_mapping.py', LF will be replaced by CRLF the next time Git touches it
warning: in the working copy of 'scripts/polarion_importer.py', LF will be replaced by CRLF the next time Git touches it
warning: in the working copy of 'tests/gating/test_virtwho_gating.py', LF will be replaced by CRLF the next time Git touches it
warning: in the working copy of 'tests/sca/test_virtwho_sca.py', LF will be replaced by CRLF the next time Git touches it
warning: in the working copy of 'tests/smoke/test_virtwho_smoke.py', LF will be replaced by CRLF the next time Git touches it
warning: in the working copy of 'tests/tier1/tc_1001_check_virtwho_is_shipped_by_different_arch.py', LF will be replaced by CRLF the next time Git touches it
warning: in the working copy of 'tests/tier1/tc_1002_check_virtwho_can_be_installed_and_uninstalled.py', LF will be replaced by CRLF the next time Git touches it
warning: in the working copy of 'tests/tier1/tc_1003_check_virtwho_package_info.py', LF will be replaced by CRLF the next time Git touches it
warning: in the working copy of 'tests/tier1/tc_1004_check_virtwho_virtwhoconfig_man_page_and_help_exist.py', LF will be replaced by CRLF the next time Git touches it
warning: in the working copy of 'tests/tier1/tc_1005_check_virtwho_service_function.py', LF will be replaced by CRLF the next time Git touches it
warning: in the working copy of 'tests/tier1/tc_1006_run_virtwho_with_default_config.py', LF will be replaced by CRLF the next time Git touches it
warning: in the working copy of 'tests/tier1/tc_1007_check_virtwho_fetch_and_send_function_by_sysconfig.py', LF will be replaced by CRLF the next time Git touches it
warning: in the working copy of 'tests/tier1/tc_1008_check_virtwho_fetch_and_send_function_by_virtwho_d.py', LF will be replaced by CRLF the next time Git touches it
warning: in the working copy of 'tests/tier1/tc_1009_check_virtwho_fetch_and_send_function_by_cli.py', LF will be replaced by CRLF the next time Git touches it
warning: in the working copy of 'tests/tier1/tc_1010_check_virtwho_debug_function_by_cli.py', LF will be replaced by CRLF the next time Git touches it
warning: in the working copy of 'tests/tier1/tc_1011_check_virtwho_debug_function_by_sysconfig.py', LF will be replaced by CRLF the next time Git touches it
warning: in the working copy of 'tests/tier1/tc_1012_check_virtwho_oneshot_function_by_cli.py', LF will be replaced by CRLF the next time Git touches it
warning: in the working copy of 'tests/tier1/tc_1013_check_virtwho_oneshot_function_by_sysconfig.py', LF will be replaced by CRLF the next time Git touches it
warning: in the working copy of 'tests/tier1/tc_1014_check_interval_function_by_cli.py', LF will be replaced by CRLF the next time Git touches it
warning: in the working copy of 'tests/tier1/tc_1015_check_interval_function_by_etc_sysconfig.py', LF will be replaced by CRLF the next time Git touches it
warning: in the working copy of 'tests/tier1/tc_1016_check_print_function_by_cli.py', LF will be replaced by CRLF the next time Git touches it
warning: in the working copy of 'tests/tier1/tc_1017_check_config_function_by_cli.py', LF will be replaced by CRLF the next time Git touches it
warning: in the working copy of 'tests/tier1/tc_1018_check_log_per_config_function_by_cli.py', LF will be replaced by CRLF the next time Git touches it
warning: in the working copy of 'tests/tier1/tc_1019_check_log_dir_function_by_cli.py', LF will be replaced by CRLF the next time Git touches it
warning: in the working copy of 'tests/tier1/tc_1020_check_log_file_function_by_cli.py', LF will be replaced by CRLF the next time Git touches it
warning: in the working copy of 'tests/tier1/tc_1021_check_reporter_id_function_by_cli.py', LF will be replaced by CRLF the next time Git touches it
warning: in the working copy of 'tests/tier1/tc_1022_check_virtwho_can_be_killed_normally_in_terminal_side.py', LF will be replaced by CRLF the next time Git touches it
warning: in the working copy of 'tests/tier1/tc_1023_run_virtwho_in_cli_when_it_is_running.py', LF will be replaced by CRLF the next time Git touches it
warning: in the working copy of 'tests/tier1/tc_1024_check_virtwho_sysconfig_and_pid_files_permission.py', LF will be replaced by CRLF the next time Git touches it
warning: in the working copy of 'tests/tier1/tc_1025_start_virtwho_service_by_ssh.py', LF will be replaced by CRLF the next time Git touches it
warning: in the working copy of 'tests/tier1/tc_1026_check_virtwho_executabe_file_can_be_insteaded_or_not.py', LF will be replaced by CRLF the next time Git touches it
warning: in the working copy of 'tests/tier1/tc_1028_check_guest_attr_by_curl.py', LF will be replaced by CRLF the next time Git touches it
warning: in the working copy of 'tests/tier1/tc_1029_check_virtwho_status_after_restart_rhsmcertd_service.py', LF will be replaced by CRLF the next time Git touches it
warning: in the working copy of 'tests/tier1/tc_1030_check_mapping_info_with_one_file_include_one_mode_in_etc_virtwho_d.py', LF will be replaced by CRLF the next time Git touches it
warning: in the working copy of 'tests/tier1/tc_1034_check_mapping_info_with_dconf_and_sysconf_for_the_same_mode.py', LF will be replaced by CRLF the next time Git touches it
warning: in the working copy of 'tests/tier1/tc_1036_check_ignore_swp_file_in_etc_virtwho_d.py', LF will be replaced by CRLF the next time Git touches it
warning: in the working copy of 'tests/tier1/tc_1037_check_sam_satellite_options_by_cli.py', LF will be replaced by CRLF the next time Git touches it
warning: in the working copy of 'tests/tier1/tc_1038_check_sam_satellite_options_by_etc_sysconfig.py', LF will be replaced by CRLF the next time Git touches it
warning: in the working copy of 'tests/tier1/tc_1039_check_http_proxy_option_by_etc_sysconfig.py', LF will be replaced by CRLF the next time Git touches it
warning: in the working copy of 'tests/tier1/tc_1040_check_virt_who_password_function.py', LF will be replaced by CRLF the next time Git touches it
warning: in the working copy of 'tests/tier1/tc_1041_check_encrypted_password_option_in_etc_virtwho_d.py', LF will be replaced by CRLF the next time Git touches it
warning: in the working copy of 'tests/tier1/tc_1042_check_rhsm_username_and_rhsm_password_option_in_etc_virtwho_d.py', LF will be replaced by CRLF the next time Git touches it
warning: in the working copy of 'tests/tier1/tc_1043_check_rhsm_username_and_rhsm_encrypted_password_option_in_etc_virtwho_d.py', LF will be replaced by CRLF the next time Git touches it
warning: in the working copy of 'tests/tier1/tc_1044_check_rhsm_hostname_port_prefix_options_in_etc_virtwho_d.py', LF will be replaced by CRLF the next time Git touches it
warning: in the working copy of 'tests/tier1/tc_1045_check_rhsm_proxy_function_in_rhsm_conf.py', LF will be replaced by CRLF the next time Git touches it
warning: in the working copy of 'tests/tier1/tc_1046_check_filter_hosts_option_in_etc_virtwho_d.py', LF will be replaced by CRLF the next time Git touches it
warning: in the working copy of 'tests/tier1/tc_1047_check_exclude_hosts_option_in_etc_virtwho_d.py', LF will be replaced by CRLF the next time Git touches it
warning: in the working copy of 'tests/tier1/tc_1048_check_filter_host_parents_option_in_etc_virtwho_d.py', LF will be replaced by CRLF the next time Git touches it
warning: in the working copy of 'tests/tier1/tc_1049_check_exclude_host_parents_option_in_etc_virtwho_d.py', LF will be replaced by CRLF the next time Git touches it
warning: in the working copy of 'tests/tier1/tc_1050_check_filter_hosts_and_exclude_hosts_options_in_etc_virtwho_d.py', LF will be replaced by CRLF the next time Git touches it
warning: in the working copy of 'tests/tier1/tc_1051_check_simplified_vim_option_in_etc_virtwho_d.py', LF will be replaced by CRLF the next time Git touches it
warning: in the working copy of 'tests/tier1/tc_1052_check_hypervisor_id_option_in_etc_virtwho_d.py', LF will be replaced by CRLF the next time Git touches it
warning: in the working copy of 'tests/tier1/tc_1053_check_hypervisor_id_and_filter_hosts_option_in_etc_virtwho_d.py', LF will be replaced by CRLF the next time Git touches it
warning: in the working copy of 'tests/tier1/tc_1054_check_hypervisor_id_and_exclude_hosts_option_in_etc_virtwho_d.py', LF will be replaced by CRLF the next time Git touches it
warning: in the working copy of 'tests/tier1/tc_1055_check_global_section_header_in_etc_virtwho_conf.py', LF will be replaced by CRLF the next time Git touches it
warning: in the working copy of 'tests/tier1/tc_1056_check_global_interval_option_in_etc_virtwho_conf.py', LF will be replaced by CRLF the next time Git touches it
warning: in the working copy of 'tests/tier1/tc_1057_check_global_reporter_id_option_in_etc_virtwho_conf.py', LF will be replaced by CRLF the next time Git touches it
warning: in the working copy of 'tests/tier1/tc_1058_check_global_debug_option_in_etc_virtwho_conf.py', LF will be replaced by CRLF the next time Git touches it
warning: in the working copy of 'tests/tier1/tc_1059_check_global_oneshot_option_in_etc_virtwho_conf.py', LF will be replaced by CRLF the next time Git touches it
warning: in the working copy of 'tests/tier1/tc_1060_check_global_log_per_config_option_in_etc_virtwho_conf.py', LF will be replaced by CRLF the next time Git touches it
warning: in the working copy of 'tests/tier1/tc_1061_check_global_log_dir_option_in_etc_virtwho_conf.py', LF will be replaced by CRLF the next time Git touches it
warning: in the working copy of 'tests/tier1/tc_1062_check_global_log_file_option_in_etc_virtwho_conf.py', LF will be replaced by CRLF the next time Git touches it
warning: in the working copy of 'tests/tier1/tc_1063_check_global_configs_option_in_etc_virtwho_conf.py', LF will be replaced by CRLF the next time Git touches it
warning: in the working copy of 'tests/tier1/tc_1064_check_defaults_section_header_in_etc_virtwho_conf.py', LF will be replaced by CRLF the next time Git touches it
warning: in the working copy of 'tests/tier1/tc_1065_check_defaults_owner_option_in_etc_virtwho_conf.py', LF will be replaced by CRLF the next time Git touches it
warning: in the working copy of 'tests/tier1/tc_1066_check_defaults_env_option_in_etc_virtwho_conf.py', LF will be replaced by CRLF the next time Git touches it
warning: in the working copy of 'tests/tier1/tc_1067_check_defaults_hypervisor_id_option_in_etc_virtwho_conf.py', LF will be replaced by CRLF the next time Git touches it
warning: in the working copy of 'tests/tier1/tc_1068_check_fake_mode_with_one_hypervisor_in_etc_virtwho_d.py', LF will be replaced by CRLF the next time Git touches it
warning: in the working copy of 'tests/tier1/tc_1069_check_fake_mode_subscribe_function_in_etc_virtwho_d.py', LF will be replaced by CRLF the next time Git touches it
warning: in the working copy of 'tests/tier1/tc_1070_check_fake_mode_pool_revoked_function_in_etc_virtwho_d.py', LF will be replaced by CRLF the next time Git touches it
warning: in the working copy of 'tests/tier1/tc_1072_check_rhsm_log_and_thread_after_reregister_host.py', LF will be replaced by CRLF the next time Git touches it
warning: in the working copy of 'tests/tier1/tc_1073_check_mapping_info_point_to_specified_owner.py', LF will be replaced by CRLF the next time Git touches it
warning: in the working copy of 'tests/tier1/tc_1074_check_mapping_info_for_hypervisor_facts.py', LF will be replaced by CRLF the next time Git touches it
warning: in the working copy of 'tests/tier1/tc_1075_check_rhsm_connection_info_in_rhsm_log.py', LF will be replaced by CRLF the next time Git touches it
warning: in the working copy of 'tests/tier1/tc_1076_check_guest_facts_by_subscription_manager.py', LF will be replaced by CRLF the next time Git touches it
warning: in the working copy of 'tests/tier1/tc_1077_check_associated_info_by_rhsmlog_and_webui.py', LF will be replaced by CRLF the next time Git touches it
warning: in the working copy of 'tests/tier1/tc_1078_check_temporary_bonus_pool_can_be_attached_in_guest.py', LF will be replaced by CRLF the next time Git touches it
warning: in the working copy of 'tests/tier1/tc_1079_check_unlimited_virtual_pool_created_in_guest.py', LF will be replaced by CRLF the next time Git touches it
warning: in the working copy of 'tests/tier1/tc_1080_check_unlimited_virtual_pool_attached_by_poolId_in_guest.py', LF will be replaced by CRLF the next time Git touches it
warning: in the working copy of 'tests/tier1/tc_1081_check_unlimited_virtual_pool_attached_by_auto_in_guest.py', LF will be replaced by CRLF the next time Git touches it
warning: in the working copy of 'tests/tier1/tc_1082_check_unlimited_virtual_pool_revoked_in_guest_after_host_unattached.py', LF will be replaced by CRLF the next time Git touches it
warning: in the working copy of 'tests/tier1/tc_1083_check_unlimited_virtual_pool_revoked_in_guest_after_host_unregister.py', LF will be replaced by CRLF the next time Git touches it
warning: in the working copy of 'tests/tier1/tc_1084_check_vdc_virtual_pool_created_in_guest.py', LF will be replaced by CRLF the next time Git touches it
warning: in the working copy of 'tests/tier1/tc_1085_check_vdc_virtual_pool_attached_by_poolId_in_guest.py', LF will be replaced by CRLF the next time Git touches it
warning: in the working copy of 'tests/tier1/tc_1086_check_vdc_virtual_pool_attached_by_auto_in_guest.py', LF will be replaced by CRLF the next time Git touches it
warning: in the working copy of 'tests/tier1/tc_1087_check_vdc_virtual_pool_revoked_in_guest_after_host_unattached.py', LF will be replaced by CRLF the next time Git touches it
warning: in the working copy of 'tests/tier1/tc_1088_check_vdc_virtual_pool_revoked_in_guest_after_host_unregister.py', LF will be replaced by CRLF the next time Git touches it
warning: in the working copy of 'tests/tier1/tc_1089_check_vdc_consumed_status_in_host_after_set_cpu_socket.py', LF will be replaced by CRLF the next time Git touches it
warning: in the working copy of 'tests/tier1/tc_1090_check_vdc_consumed_status_in_guest_after_set_cpu_socket.py', LF will be replaced by CRLF the next time Git touches it
warning: in the working copy of 'tests/tier1/tc_1091_check_vdc_repos_in_guest_and_host_after_subscribed.py', LF will be replaced by CRLF the next time Git touches it
warning: in the working copy of 'tests/tier1/tc_1092_check_limited_virtual_pool_created_in_guest.py', LF will be replaced by CRLF the next time Git touches it
warning: in the working copy of 'tests/tier1/tc_1093_check_limited_virtual_pool_attached_by_poolId_in_guest.py', LF will be replaced by CRLF the next time Git touches it
warning: in the working copy of 'tests/tier1/tc_1094_check_limited_virtual_pool_attached_by_auto_in_guest.py', LF will be replaced by CRLF the next time Git touches it
warning: in the working copy of 'tests/tier1/tc_1095_check_limited_virtual_pool_revoked_in_guest_after_host_unattached.py', LF will be replaced by CRLF the next time Git touches it
warning: in the working copy of 'tests/tier1/tc_1096_check_limited_virtual_pool_revoked_in_guest_after_host_unregister.py', LF will be replaced by CRLF the next time Git touches it
warning: in the working copy of 'tests/tier1/tc_1097_check_instance_no_virtual_pool_created_in_guest.py', LF will be replaced by CRLF the next time Git touches it
warning: in the working copy of 'tests/tier1/tc_1098_check_instance_consumed_status_in_host_after_set_cpu_socket_1.py', LF will be replaced by CRLF the next time Git touches it
warning: in the working copy of 'tests/tier1/tc_1099_check_instance_consumed_status_in_host_after_set_cpu_socket_8.py', LF will be replaced by CRLF the next time Git touches it
warning: in the working copy of 'tests/tier1/tc_1100_check_instance_consumed_status_by_auto_in_host_after_set_cpu_socket_8.py', LF will be replaced by CRLF the next time Git touches it
warning: in the working copy of 'tests/tier1/tc_1101_check_instance_consumed_status_in_guest_after_set_cpu_socket_1.py', LF will be replaced by CRLF the next time Git touches it
warning: in the working copy of 'tests/tier1/tc_1102_check_instance_consumed_status_in_guest_after_set_cpu_socket_8.py', LF will be replaced by CRLF the next time Git touches it
warning: in the working copy of 'tests/tier1/tc_1103_check_virtwho_threads_number_after_reconfig_libvirt.py', LF will be replaced by CRLF the next time Git touches it
warning: in the working copy of 'tests/tier1/tc_1104_check_virtwho_config_exist_after_reboot_system.py', LF will be replaced by CRLF the next time Git touches it
warning: in the working copy of 'tests/tier1/tc_1105_check_rhsm_proxy_function_in_etc_virtwho_d.py', LF will be replaced by CRLF the next time Git touches it
warning: in the working copy of 'tests/tier1/tc_1106_check_global_print_option_in_etc_virtwho_conf.py', LF will be replaced by CRLF the next time Git touches it
warning: in the working copy of 'tests/tier1/tc_1107_temporary_sku_can_be_changed_to_stable_by_auto.py', LF will be replaced by CRLF the next time Git touches it
warning: in the working copy of 'tests/tier1/tc_1108_check_hypervisor_facts.py', LF will be replaced by CRLF the next time Git touches it
warning: in the working copy of 'tests/tier1/tc_1109_connect_to_hypervisor_by_read_only_account.py', LF will be replaced by CRLF the next time Git touches it
warning: in the working copy of 'tests/tier1/tc_1110_send_virt-who_version_in_the_User-Agent_header.py', LF will be replaced by CRLF the next time Git touches it
warning: in the working copy of 'tests/tier1/tc_1111_template_conf_validation.py', LF will be replaced by CRLF the next time Git touches it
warning: in the working copy of 'tests/tier1/tc_1112_check_http_proxy_option_by_etc_conf.py', LF will be replaced by CRLF the next time Git touches it
warning: in the working copy of 'tests/tier1/tc_1113_check_virtwho_status.py', LF will be replaced by CRLF the next time Git touches it
warning: in the working copy of 'tests/tier2/tc_2001_validate_owner_option_by_cli.py', LF will be replaced by CRLF the next time Git touches it
warning: in the working copy of 'tests/tier2/tc_2002_validate_env_option_by_cli.py', LF will be replaced by CRLF the next time Git touches it
warning: in the working copy of 'tests/tier2/tc_2003_validate_server_option_by_cli.py', LF will be replaced by CRLF the next time Git touches it
warning: in the working copy of 'tests/tier2/tc_2004_validate_username_option_by_cli.py', LF will be replaced by CRLF the next time Git touches it
warning: in the working copy of 'tests/tier2/tc_2005_validate_password_option_by_cli.py', LF will be replaced by CRLF the next time Git touches it
warning: in the working copy of 'tests/tier2/tc_2006_validate_config_function_by_cli.py', LF will be replaced by CRLF the next time Git touches it
warning: in the working copy of 'tests/tier2/tc_2007_validate_parameters_consistency_by_cli.py', LF will be replaced by CRLF the next time Git touches it
warning: in the working copy of 'tests/tier2/tc_2008_validate_owner_option_in_etc_sysconfig.py', LF will be replaced by CRLF the next time Git touches it
warning: in the working copy of 'tests/tier2/tc_2009_validate_env_option_in_etc_sysconfig.py', LF will be replaced by CRLF the next time Git touches it
warning: in the working copy of 'tests/tier2/tc_2010_validate_server_option_in_etc_sysconfig.py', LF will be replaced by CRLF the next time Git touches it
warning: in the working copy of 'tests/tier2/tc_2011_validate_username_option_in_etc_sysconfig.py', LF will be replaced by CRLF the next time Git touches it
warning: in the working copy of 'tests/tier2/tc_2012_validate_password_option_in_etc_sysconfig.py', LF will be replaced by CRLF the next time Git touches it
warning: in the working copy of 'tests/tier2/tc_2013_validate_unreachable_proxy_by_config.py', LF will be replaced by CRLF the next time Git touches it
warning: in the working copy of 'tests/tier2/tc_2014_validate_header_option_in_etc_virtwho_d.py', LF will be replaced by CRLF the next time Git touches it
warning: in the working copy of 'tests/tier2/tc_2015_validate_type_option_in_etc_virtwho_d.py', LF will be replaced by CRLF the next time Git touches it
warning: in the working copy of 'tests/tier2/tc_2016_validate_owner_option_in_etc_virtwho_d.py', LF will be replaced by CRLF the next time Git touches it
warning: in the working copy of 'tests/tier2/tc_2017_validate_env_option_in_etc_virtwho_d.py', LF will be replaced by CRLF the next time Git touches it
warning: in the working copy of 'tests/tier2/tc_2018_validate_server_option_in_etc_virtwho_d.py', LF will be replaced by CRLF the next time Git touches it
warning: in the working copy of 'tests/tier2/tc_2019_validate_username_option_in_etc_virtwho_d.py', LF will be replaced by CRLF the next time Git touches it
warning: in the working copy of 'tests/tier2/tc_2020_validate_password_option_in_etc_virtwho_d.py', LF will be replaced by CRLF the next time Git touches it
warning: in the working copy of 'tests/tier2/tc_2021_validate_encryped_password_option_by_virtwho_d.py', LF will be replaced by CRLF the next time Git touches it
warning: in the working copy of 'tests/tier2/tc_2022_validate_rhsm_hostname_option_in_etc_virtwho_d.py', LF will be replaced by CRLF the next time Git touches it
warning: in the working copy of 'tests/tier2/tc_2023_validate_rhsm_port_option_in_etc_virtwho_d.py', LF will be replaced by CRLF the next time Git touches it
warning: in the working copy of 'tests/tier2/tc_2024_validate_rhsm_prefix_option_in_etc_virtwho_d.py', LF will be replaced by CRLF the next time Git touches it
warning: in the working copy of 'tests/tier2/tc_2025_validate_rhsm_username_option_in_etc_virtwho_d.py', LF will be replaced by CRLF the next time Git touches it
warning: in the working copy of 'tests/tier2/tc_2026_validate_rhsm_password_option_in_etc_virtwho_d.py', LF will be replaced by CRLF the next time Git touches it
warning: in the working copy of 'tests/tier2/tc_2027_validate_rhsm_encrypted_password_option_in_etc_virtwho_d.py', LF will be replaced by CRLF the next time Git touches it
warning: in the working copy of 'tests/tier2/tc_2028_validate_wildcard_for_filter_and_exclude_hosts_options_in_etc_virtwho_d.py', LF will be replaced by CRLF the next time Git touches it
warning: in the working copy of 'tests/tier2/tc_2029_validate_wildcard_for_filter_and_exclude_host_parents_options_in_etc_virtwho_d.py', LF will be replaced by CRLF the next time Git touches it
warning: in the working copy of 'tests/tier2/tc_2030_validate_quotes_for_filter_and_exclude_hosts_option_in_etc_virtwho_d.py', LF will be replaced by CRLF the next time Git touches it
warning: in the working copy of 'tests/tier2/tc_2031_validate_unsupported_options_in_etc_virtwho_d.py', LF will be replaced by CRLF the next time Git touches it
warning: in the working copy of 'tests/tier2/tc_2032_validate_file_extension_name_in_etc_virtwho_d.py', LF will be replaced by CRLF the next time Git touches it
warning: in the working copy of 'tests/tier2/tc_2033_validate_options_quoted_in_etc_virtwho_d.py', LF will be replaced by CRLF the next time Git touches it
warning: in the working copy of 'tests/tier2/tc_2034_validate_global_interval_by_virtwho_conf.py', LF will be replaced by CRLF the next time Git touches it
warning: in the working copy of 'tests/tier2/tc_2035_validate_global_report_id_by_virtwho_conf.py', LF will be replaced by CRLF the next time Git touches it
warning: in the working copy of 'tests/tier2/tc_2036_validate_global_debug_by_virtwho_conf.py', LF will be replaced by CRLF the next time Git touches it
warning: in the working copy of 'tests/tier2/tc_2037_validate_global_oneshot_by_virtwho_conf.py', LF will be replaced by CRLF the next time Git touches it
warning: in the working copy of 'tests/tier2/tc_2038_validate_global_configs_by_virtwho_conf.py', LF will be replaced by CRLF the next time Git touches it
warning: in the working copy of 'tests/tier2/tc_2039_validate_defaults_owner_option_by_virtwho_conf.py', LF will be replaced by CRLF the next time Git touches it
warning: in the working copy of 'tests/tier2/tc_2040_validate_defaults_env_option_by_virtwho_conf.py', LF will be replaced by CRLF the next time Git touches it
warning: in the working copy of 'tests/tier2/tc_2041_validate_default_hypervisor_id_by_virtwho_conf.py', LF will be replaced by CRLF the next time Git touches it
warning: in the working copy of 'tests/tier2/tc_2042_check_virtwho_send_mapping_to_multi_org.py', LF will be replaced by CRLF the next time Git touches it
warning: in the working copy of 'tests/tier2/tc_2043_check_virtwho_send_mapping_to_multi_org_with_rhsm_parameters.py', LF will be replaced by CRLF the next time Git touches it
warning: in the working copy of 'tests/tier2/tc_2044_subscribe_guest_with_activation_key.py', LF will be replaced by CRLF the next time Git touches it
warning: in the working copy of 'tests/tier2/tc_2045_check_content_subscriptions_in_satellite_webui.py', LF will be replaced by CRLF the next time Git touches it
warning: in the working copy of 'tests/tier2/tc_2046_check_registered_by_item_in_satellite_webui.py', LF will be replaced by CRLF the next time Git touches it
warning: in the working copy of 'tests/tier2/tc_2047_check_rhsm_log_after_delete_host_hypervisor_from_server_webui.py', LF will be replaced by CRLF the next time Git touches it
warning: in the working copy of 'tests/tier2/tc_2048_register_system_with_activaiton_key.py', LF will be replaced by CRLF the next time Git touches it
warning: in the working copy of 'tests/tier2/tc_2049_validate_hostname_without_domain.py', LF will be replaced by CRLF the next time Git touches it
warning: in the working copy of 'tests/tier2/tc_2051_validate_virt_who_password_commandline.py', LF will be replaced by CRLF the next time Git touches it
warning: in the working copy of 'tests/tier2/tc_2052_validate_hypervisors_connection.py', LF will be replaced by CRLF the next time Git touches it
warning: in the working copy of 'tests/tier2/tc_2053_validate_guest_state_when_suspend_resume_stop_start.py', LF will be replaced by CRLF the next time Git touches it
warning: in the working copy of 'tests/tier2/tc_2054_validate_trigger_event_with_different_interval.py', LF will be replaced by CRLF the next time Git touches it
warning: in the working copy of 'tests/tier2/tc_2055_validate_rhevm_url_without_ovirt_engine.py', LF will be replaced by CRLF the next time Git touches it
warning: in the working copy of 'tests/tier2/tc_2056_validate_non_root_to_run_virtwho.py', LF will be replaced by CRLF the next time Git touches it
warning: in the working copy of 'tests/tier2/tc_2057_validate_subscription_register_clean_together.py', LF will be replaced by CRLF the next time Git touches it
warning: in the working copy of 'tests/tier2/tc_2058_post_large_json_to_rhsm.py', LF will be replaced by CRLF the next time Git touches it
warning: in the working copy of 'tests/tier2/tc_2059_check_redundant_options_in_etc_virtwho_d.py', LF will be replaced by CRLF the next time Git touches it
warning: in the working copy of 'tests/tier2/tc_2060_check_commented_out_line_with_tab_space.py', LF will be replaced by CRLF the next time Git touches it
warning: in the working copy of 'tests/tier2/tc_2061_check_fake_mode_is_hypervisor_option.py', LF will be replaced by CRLF the next time Git touches it
warning: in the working copy of 'tests/tier2/tc_2063_check_hypervisors_fqdn.py', LF will be replaced by CRLF the next time Git touches it
warning: in the working copy of 'tests/tier2/tc_2065_deprecation_warning_for_etc_sysconfig.py', LF will be replaced by CRLF the next time Git touches it
warning: in the working copy of 'tests/tier2/tc_2066_validate_cluster_name_with_special_char.py', LF will be replaced by CRLF the next time Git touches it
warning: in the working copy of 'tests/tier2/tc_2067_validate_uniform_mapping_format.py', LF will be replaced by CRLF the next time Git touches it
warning: in the working copy of 'tests/tier2/tc_2068_validate_options_migration_during_virt_who_upgrade.py', LF will be replaced by CRLF the next time Git touches it
warning: in the working copy of 'tests/tier2/tc_2069_valide_insecure_option_for_kubevirt.py', LF will be replaced by CRLF the next time Git touches it
warning: in the working copy of 'tests/tier3/tc_1027_check_two_modes_enabled_in_etc_sysconfig.py', LF will be replaced by CRLF the next time Git touches it
warning: in the working copy of 'tests/tier3/tc_1031_check_mapping_info_with_one_file_include_two_modes_in_etc_virtwho_d.py', LF will be replaced by CRLF the next time Git touches it
warning: in the working copy of 'tests/tier3/tc_1032_check_mapping_info_with_two_files_for_two_modes_in_etc_virtwho_d.py', LF will be replaced by CRLF the next time Git touches it
warning: in the working copy of 'tests/tier3/tc_1033_check_mapping_info_with_dconf_and_sysconf_for_two_modes.py', LF will be replaced by CRLF the next time Git touches it
warning: in the working copy of 'tests/tier3/tc_1035_check_mapping_info_with_dconf_and_cli_for_two_modes.py', LF will be replaced by CRLF the next time Git touches it
warning: in the working copy of 'tests/tier3/tc_1071_check_fake_mode_with_two_hypervisors_in_etc_virtwho_d.py', LF will be replaced by CRLF the next time Git touches it
warning: in the working copy of 'utils/bridge_setup.sh', LF will be replaced by CRLF the next time Git touches it
warning: in the working copy of 'utils/installer.py', LF will be replaced by CRLF the next time Git touches it
warning: in the working copy of 'utils/merge-xunit.py', LF will be replaced by CRLF the next time Git touches it
warning: in the working copy of 'virt_who/__init__.py', LF will be replaced by CRLF the next time Git touches it
warning: in the working copy of 'virt_who/base.py', LF will be replaced by CRLF the next time Git touches it
warning: in the working copy of 'virt_who/provision.py', LF will be replaced by CRLF the next time Git touches it
warning: in the working copy of 'virt_who/register.py', LF will be replaced by CRLF the next time Git touches it
warning: in the working copy of 'virt_who/scheduler.py', LF will be replaced by CRLF the next time Git touches it
warning: in the working copy of 'virt_who/settings.py', LF will be replaced by CRLF the next time Git touches it
warning: in the working copy of 'virt_who/testing.py', LF will be replaced by CRLF the next time Git touches it
tests/tier2/tc_2013_validate_unreachable_proxy_by_config.py:101: trailing whitespace.
+        """WONTFIX bz1739358 - [XEN] virt-who can send mapping to server but always print 

